<?xml version="1.0" encoding="UTF-8"?>
<!-- Generated by org.testng.reporters.JUnitXMLReporter -->
<testsuite ignored="0" hostname="DESKTOP-B3E1RBI" failures="0" tests="8" name="Surefire test" time="21.891" errors="0" timestamp="2026-01-26T10:25:25 CET">
  <testcase classname="hu.robertszujo.seleniumproject.LoanCalculatorTests" name="acceptCookies_CookiePopupShouldDisappear" time="0.998"/>
  <testcase classname="hu.robertszujo.seleniumproject.LoanCalculatorTests" name="calculateMaximumLoan_debtRatioAboveLimitShouldShowObligationError" time="2.167"/>
  <testcase classname="hu.robertszujo.seleniumproject.LoanCalculatorTests" name="calculateMaximumLoan_incomeAtThresholdWithValidDebtRatioShouldReturnOffers" time="2.199"/>
  <testcase classname="hu.robertszujo.seleniumproject.LoanCalculatorTests" name="calculateMaximumLoan_overSixtyFiveApplicantShouldSeeUnableToCalculateNotice" time="2.084"/>
  <testcase classname="hu.robertszujo.seleniumproject.LoanCalculatorTests" name="calculateMaximumLoan_propertyValueBelowThresholdShouldShowCollateralError" time="2.053"/>
  <testcase classname="hu.robertszujo.seleniumproject.LoanCalculatorTests" name="calculateMaximumLoan_underageApplicantShouldSeeAgeRestrictionError" time="2.065"/>
  <testcase classname="hu.robertszujo.seleniumproject.LoanCalculatorTests" name="loadCalculatorPage_cookiePopupShouldBeDisplayed" time="0.771"/>
  <testcase classname="hu.robertszujo.seleniumproject.LoanCalculatorTests" name="loadPageAndAcceptCookies_CalculatorFormShouldBeDisplayed" time="1.104"/>
</testsuite> <!-- Surefire test -->
