<?xml version="1.0" encoding="UTF-8"?>
<testng-results ignored="0" total="25" passed="25" failed="0" skipped="0">
  <reporter-output>
  </reporter-output>
  <suite started-at="2026-01-30T01:42:08 CET" name="George Regression" finished-at="2026-01-30T01:43:12 CET" duration-ms="64217">
    <groups>
    </groups>
    <test started-at="2026-01-30T01:42:08 CET" name="Suite with listener" finished-at="2026-01-30T01:43:12 CET" duration-ms="64217">
      <class name="hu.robertszujo.seleniumproject.loancalculator.NegativeScenarioTest">
        <test-method is-config="true" signature="baseBeforeMethod(org.testng.ITestContext,org.testng.ITestResult)[pri:0, instance:hu.robertszujo.seleniumproject.loancalculator.NegativeScenarioTest@10683d9d]" started-at="2026-01-30T01:42:08 CET" name="baseBeforeMethod" finished-at="2026-01-30T01:42:09 CET" duration-ms="1416" status="PASS">
          <params>
            <param index="0">
              <value>
                <![CDATA[org.testng.TestRunner@7c9b78e3]]>
              </value>
            </param>
            <param index="1">
              <value>
                <![CDATA[[TestResult name={null} status=CREATED method=NegativeScenarioTest.failed_applicantTooOld()[pri:0, instance:hu.robertszujo.seleniumproject.loancalculator.NegativeScenarioTest@10683d9d] output={null}]]]>
              </value>
            </param>
          </params>
          <reporter-output>
          </reporter-output>
        </test-method> <!-- baseBeforeMethod -->
        <test-method signature="failed_applicantTooOld()[pri:0, instance:hu.robertszujo.seleniumproject.loancalculator.NegativeScenarioTest@10683d9d]" started-at="2026-01-30T01:42:09 CET" name="failed_applicantTooOld" description="Invalid input: applicant too old" finished-at="2026-01-30T01:42:13 CET" duration-ms="3976" status="PASS">
          <reporter-output>
          </reporter-output>
        </test-method> <!-- failed_applicantTooOld -->
        <test-method is-config="true" signature="baseAfterMethod()[pri:0, instance:hu.robertszujo.seleniumproject.loancalculator.NegativeScenarioTest@10683d9d]" started-at="2026-01-30T01:42:14 CET" name="baseAfterMethod" finished-at="2026-01-30T01:42:14 CET" duration-ms="238" status="PASS">
          <reporter-output>
          </reporter-output>
        </test-method> <!-- baseAfterMethod -->
        <test-method is-config="true" signature="baseBeforeMethod(org.testng.ITestContext,org.testng.ITestResult)[pri:0, instance:hu.robertszujo.seleniumproject.loancalculator.NegativeScenarioTest@10683d9d]" started-at="2026-01-30T01:42:14 CET" name="baseBeforeMethod" finished-at="2026-01-30T01:42:15 CET" duration-ms="672" status="PASS">
          <params>
            <param index="0">
              <value>
                <![CDATA[org.testng.TestRunner@7c9b78e3]]>
              </value>
            </param>
            <param index="1">
              <value>
                <![CDATA[[TestResult name={null} status=CREATED method=NegativeScenarioTest.failed_applicantTooYoung()[pri:0, instance:hu.robertszujo.seleniumproject.loancalculator.NegativeScenarioTest@10683d9d] output={null}]]]>
              </value>
            </param>
          </params>
          <reporter-output>
          </reporter-output>
        </test-method> <!-- baseBeforeMethod -->
        <test-method signature="failed_applicantTooYoung()[pri:0, instance:hu.robertszujo.seleniumproject.loancalculator.NegativeScenarioTest@10683d9d]" started-at="2026-01-30T01:42:15 CET" name="failed_applicantTooYoung" description="Invalid input: applicant too young" finished-at="2026-01-30T01:42:19 CET" duration-ms="4130" status="PASS">
          <reporter-output>
          </reporter-output>
        </test-method> <!-- failed_applicantTooYoung -->
        <test-method is-config="true" signature="baseAfterMethod()[pri:0, instance:hu.robertszujo.seleniumproject.loancalculator.NegativeScenarioTest@10683d9d]" started-at="2026-01-30T01:42:20 CET" name="baseAfterMethod" finished-at="2026-01-30T01:42:20 CET" duration-ms="197" status="PASS">
          <reporter-output>
          </reporter-output>
        </test-method> <!-- baseAfterMethod -->
        <test-method is-config="true" signature="baseBeforeMethod(org.testng.ITestContext,org.testng.ITestResult)[pri:0, instance:hu.robertszujo.seleniumproject.loancalculator.NegativeScenarioTest@10683d9d]" started-at="2026-01-30T01:42:20 CET" name="baseBeforeMethod" finished-at="2026-01-30T01:42:21 CET" duration-ms="811" status="PASS">
          <params>
            <param index="0">
              <value>
                <![CDATA[org.testng.TestRunner@7c9b78e3]]>
              </value>
            </param>
            <param index="1">
              <value>
                <![CDATA[[TestResult name={null} status=CREATED method=NegativeScenarioTest.failed_dualEarnerBelowMinimumIncome()[pri:0, instance:hu.robertszujo.seleniumproject.loancalculator.NegativeScenarioTest@10683d9d] output={null}]]]>
              </value>
            </param>
          </params>
          <reporter-output>
          </reporter-output>
        </test-method> <!-- baseBeforeMethod -->
        <test-method signature="failed_dualEarnerBelowMinimumIncome()[pri:0, instance:hu.robertszujo.seleniumproject.loancalculator.NegativeScenarioTest@10683d9d]" started-at="2026-01-30T01:42:21 CET" name="failed_dualEarnerBelowMinimumIncome" description="Invalid input: dual earner below minimum income" finished-at="2026-01-30T01:42:23 CET" duration-ms="2909" status="PASS">
          <reporter-output>
          </reporter-output>
        </test-method> <!-- failed_dualEarnerBelowMinimumIncome -->
        <test-method is-config="true" signature="baseAfterMethod()[pri:0, instance:hu.robertszujo.seleniumproject.loancalculator.NegativeScenarioTest@10683d9d]" started-at="2026-01-30T01:42:24 CET" name="baseAfterMethod" finished-at="2026-01-30T01:42:25 CET" duration-ms="228" status="PASS">
          <reporter-output>
          </reporter-output>
        </test-method> <!-- baseAfterMethod -->
        <test-method is-config="true" signature="baseBeforeMethod(org.testng.ITestContext,org.testng.ITestResult)[pri:0, instance:hu.robertszujo.seleniumproject.loancalculator.NegativeScenarioTest@10683d9d]" started-at="2026-01-30T01:42:25 CET" name="baseBeforeMethod" finished-at="2026-01-30T01:42:25 CET" duration-ms="640" status="PASS">
          <params>
            <param index="0">
              <value>
                <![CDATA[org.testng.TestRunner@7c9b78e3]]>
              </value>
            </param>
            <param index="1">
              <value>
                <![CDATA[[TestResult name={null} status=CREATED method=NegativeScenarioTest.failed_jtmViolation50PercentRule()[pri:0, instance:hu.robertszujo.seleniumproject.loancalculator.NegativeScenarioTest@10683d9d] output={null}]]]>
              </value>
            </param>
          </params>
          <reporter-output>
          </reporter-output>
        </test-method> <!-- baseBeforeMethod -->
        <test-method signature="failed_jtmViolation50PercentRule()[pri:0, instance:hu.robertszujo.seleniumproject.loancalculator.NegativeScenarioTest@10683d9d]" started-at="2026-01-30T01:42:25 CET" name="failed_jtmViolation50PercentRule" description="Invalid input: JTM violation with 50% rule (loan under 800k)" finished-at="2026-01-30T01:42:29 CET" duration-ms="3862" status="PASS">
          <reporter-output>
          </reporter-output>
        </test-method> <!-- failed_jtmViolation50PercentRule -->
        <test-method is-config="true" signature="baseAfterMethod()[pri:0, instance:hu.robertszujo.seleniumproject.loancalculator.NegativeScenarioTest@10683d9d]" started-at="2026-01-30T01:42:30 CET" name="baseAfterMethod" finished-at="2026-01-30T01:42:30 CET" duration-ms="243" status="PASS">
          <reporter-output>
          </reporter-output>
        </test-method> <!-- baseAfterMethod -->
        <test-method is-config="true" signature="baseBeforeMethod(org.testng.ITestContext,org.testng.ITestResult)[pri:0, instance:hu.robertszujo.seleniumproject.loancalculator.NegativeScenarioTest@10683d9d]" started-at="2026-01-30T01:42:30 CET" name="baseBeforeMethod" finished-at="2026-01-30T01:42:31 CET" duration-ms="737" status="PASS">
          <params>
            <param index="0">
              <value>
                <![CDATA[org.testng.TestRunner@7c9b78e3]]>
              </value>
            </param>
            <param index="1">
              <value>
                <![CDATA[[TestResult name={null} status=CREATED method=NegativeScenarioTest.failed_jtmViolation60PercentRule()[pri:0, instance:hu.robertszujo.seleniumproject.loancalculator.NegativeScenarioTest@10683d9d] output={null}]]]>
              </value>
            </param>
          </params>
          <reporter-output>
          </reporter-output>
        </test-method> <!-- baseBeforeMethod -->
        <test-method signature="failed_jtmViolation60PercentRule()[pri:0, instance:hu.robertszujo.seleniumproject.loancalculator.NegativeScenarioTest@10683d9d]" started-at="2026-01-30T01:42:31 CET" name="failed_jtmViolation60PercentRule" description="Invalid input: JTM violation with 60% rule (loan over 800k)" finished-at="2026-01-30T01:42:35 CET" duration-ms="4334" status="PASS">
          <reporter-output>
          </reporter-output>
        </test-method> <!-- failed_jtmViolation60PercentRule -->
        <test-method is-config="true" signature="baseAfterMethod()[pri:0, instance:hu.robertszujo.seleniumproject.loancalculator.NegativeScenarioTest@10683d9d]" started-at="2026-01-30T01:42:36 CET" name="baseAfterMethod" finished-at="2026-01-30T01:42:36 CET" duration-ms="248" status="PASS">
          <reporter-output>
          </reporter-output>
        </test-method> <!-- baseAfterMethod -->
        <test-method is-config="true" signature="baseBeforeMethod(org.testng.ITestContext,org.testng.ITestResult)[pri:0, instance:hu.robertszujo.seleniumproject.loancalculator.NegativeScenarioTest@10683d9d]" started-at="2026-01-30T01:42:36 CET" name="baseBeforeMethod" finished-at="2026-01-30T01:42:37 CET" duration-ms="735" status="PASS">
          <params>
            <param index="0">
              <value>
                <![CDATA[org.testng.TestRunner@7c9b78e3]]>
              </value>
            </param>
            <param index="1">
              <value>
                <![CDATA[[TestResult name={null} status=CREATED method=NegativeScenarioTest.failed_propertyValueBelowMinimum()[pri:0, instance:hu.robertszujo.seleniumproject.loancalculator.NegativeScenarioTest@10683d9d] output={null}]]]>
              </value>
            </param>
          </params>
          <reporter-output>
          </reporter-output>
        </test-method> <!-- baseBeforeMethod -->
        <test-method signature="failed_propertyValueBelowMinimum()[pri:0, instance:hu.robertszujo.seleniumproject.loancalculator.NegativeScenarioTest@10683d9d]" started-at="2026-01-30T01:42:37 CET" name="failed_propertyValueBelowMinimum" description="Invalid input: property value below minimum" finished-at="2026-01-30T01:42:40 CET" duration-ms="3778" status="PASS">
          <reporter-output>
          </reporter-output>
        </test-method> <!-- failed_propertyValueBelowMinimum -->
        <test-method is-config="true" signature="baseAfterMethod()[pri:0, instance:hu.robertszujo.seleniumproject.loancalculator.NegativeScenarioTest@10683d9d]" started-at="2026-01-30T01:42:41 CET" name="baseAfterMethod" finished-at="2026-01-30T01:42:41 CET" duration-ms="195" status="PASS">
          <reporter-output>
          </reporter-output>
        </test-method> <!-- baseAfterMethod -->
        <test-method is-config="true" signature="baseBeforeMethod(org.testng.ITestContext,org.testng.ITestResult)[pri:0, instance:hu.robertszujo.seleniumproject.loancalculator.NegativeScenarioTest@10683d9d]" started-at="2026-01-30T01:42:41 CET" name="baseBeforeMethod" finished-at="2026-01-30T01:42:42 CET" duration-ms="722" status="PASS">
          <params>
            <param index="0">
              <value>
                <![CDATA[org.testng.TestRunner@7c9b78e3]]>
              </value>
            </param>
            <param index="1">
              <value>
                <![CDATA[[TestResult name={null} status=CREATED method=NegativeScenarioTest.failed_singleEarnerBelowMinimumIncome()[pri:0, instance:hu.robertszujo.seleniumproject.loancalculator.NegativeScenarioTest@10683d9d] output={null}]]]>
              </value>
            </param>
          </params>
          <reporter-output>
          </reporter-output>
        </test-method> <!-- baseBeforeMethod -->
        <test-method signature="failed_singleEarnerBelowMinimumIncome()[pri:0, instance:hu.robertszujo.seleniumproject.loancalculator.NegativeScenarioTest@10683d9d]" started-at="2026-01-30T01:42:42 CET" name="failed_singleEarnerBelowMinimumIncome" description="Invalid input: single earner below minimum income" finished-at="2026-01-30T01:42:45 CET" duration-ms="3627" status="PASS">
          <reporter-output>
          </reporter-output>
        </test-method> <!-- failed_singleEarnerBelowMinimumIncome -->
        <test-method is-config="true" signature="baseAfterMethod()[pri:0, instance:hu.robertszujo.seleniumproject.loancalculator.NegativeScenarioTest@10683d9d]" started-at="2026-01-30T01:42:46 CET" name="baseAfterMethod" finished-at="2026-01-30T01:42:46 CET" duration-ms="240" status="PASS">
          <reporter-output>
          </reporter-output>
        </test-method> <!-- baseAfterMethod -->
      </class> <!-- hu.robertszujo.seleniumproject.loancalculator.NegativeScenarioTest -->
      <class name="hu.robertszujo.seleniumproject.loancalculator.BehaviorValidationTest">
        <test-method is-config="true" signature="baseBeforeMethod(org.testng.ITestContext,org.testng.ITestResult)[pri:0, instance:hu.robertszujo.seleniumproject.loancalculator.BehaviorValidationTest@2f4948e4]" started-at="2026-01-30T01:42:08 CET" name="baseBeforeMethod" finished-at="2026-01-30T01:42:09 CET" duration-ms="1416" status="PASS">
          <params>
            <param index="0">
              <value>
                <![CDATA[org.testng.TestRunner@7c9b78e3]]>
              </value>
            </param>
            <param index="1">
              <value>
                <![CDATA[[TestResult name={null} status=CREATED method=BehaviorValidationTest.behavior_maxLoanDecreasesWithOverdraftLimit(long,boolean,long,long,long)[pri:0, instance:hu.robertszujo.seleniumproject.loancalculator.BehaviorValidationTest@2f4948e4] output={null}]]]>
              </value>
            </param>
          </params>
          <reporter-output>
          </reporter-output>
        </test-method> <!-- baseBeforeMethod -->
        <test-method signature="behavior_maxLoanDecreasesWithOverdraftLimit(long,boolean,long,long,long)[pri:0, instance:hu.robertszujo.seleniumproject.loancalculator.BehaviorValidationTest@2f4948e4]" started-at="2026-01-30T01:42:09 CET" name="behavior_maxLoanDecreasesWithOverdraftLimit" description="Max loan decreases when overdraft limit increases (income fixed, property high)" data-provider="installmentsIncreaseScenarios" finished-at="2026-01-30T01:42:17 CET" duration-ms="7791" status="PASS">
          <params>
            <param index="0">
              <value>
                <![CDATA[100000000]]>
              </value>
            </param>
            <param index="1">
              <value>
                <![CDATA[true]]>
              </value>
            </param>
            <param index="2">
              <value>
                <![CDATA[0]]>
              </value>
            </param>
            <param index="3">
              <value>
                <![CDATA[150000]]>
              </value>
            </param>
            <param index="4">
              <value>
                <![CDATA[1000000]]>
              </value>
            </param>
          </params>
          <reporter-output>
          </reporter-output>
        </test-method> <!-- behavior_maxLoanDecreasesWithOverdraftLimit -->
        <test-method is-config="true" signature="baseAfterMethod()[pri:0, instance:hu.robertszujo.seleniumproject.loancalculator.BehaviorValidationTest@2f4948e4]" started-at="2026-01-30T01:42:17 CET" name="baseAfterMethod" finished-at="2026-01-30T01:42:18 CET" duration-ms="293" status="PASS">
          <reporter-output>
          </reporter-output>
        </test-method> <!-- baseAfterMethod -->
        <test-method is-config="true" signature="baseBeforeMethod(org.testng.ITestContext,org.testng.ITestResult)[pri:0, instance:hu.robertszujo.seleniumproject.loancalculator.BehaviorValidationTest@2f4948e4]" started-at="2026-01-30T01:42:18 CET" name="baseBeforeMethod" finished-at="2026-01-30T01:42:18 CET" duration-ms="686" status="PASS">
          <params>
            <param index="0">
              <value>
                <![CDATA[org.testng.TestRunner@7c9b78e3]]>
              </value>
            </param>
            <param index="1">
              <value>
                <![CDATA[[TestResult name={null} status=CREATED method=BehaviorValidationTest.behavior_maxLoanDecreasesWithOverdraftLimit(long,boolean,long,long,long)[pri:0, instance:hu.robertszujo.seleniumproject.loancalculator.BehaviorValidationTest@2f4948e4] output={null}]]]>
              </value>
            </param>
          </params>
          <reporter-output>
          </reporter-output>
        </test-method> <!-- baseBeforeMethod -->
        <test-method signature="behavior_maxLoanDecreasesWithOverdraftLimit(long,boolean,long,long,long)[pri:0, instance:hu.robertszujo.seleniumproject.loancalculator.BehaviorValidationTest@2f4948e4]" started-at="2026-01-30T01:42:18 CET" name="behavior_maxLoanDecreasesWithOverdraftLimit" description="Max loan decreases when overdraft limit increases (income fixed, property high)" data-provider="installmentsIncreaseScenarios" finished-at="2026-01-30T01:42:25 CET" duration-ms="6056" status="PASS">
          <params>
            <param index="0">
              <value>
                <![CDATA[125000000]]>
              </value>
            </param>
            <param index="1">
              <value>
                <![CDATA[true]]>
              </value>
            </param>
            <param index="2">
              <value>
                <![CDATA[100000]]>
              </value>
            </param>
            <param index="3">
              <value>
                <![CDATA[200001]]>
              </value>
            </param>
            <param index="4">
              <value>
                <![CDATA[700000]]>
              </value>
            </param>
          </params>
          <reporter-output>
          </reporter-output>
        </test-method> <!-- behavior_maxLoanDecreasesWithOverdraftLimit -->
        <test-method is-config="true" signature="baseAfterMethod()[pri:0, instance:hu.robertszujo.seleniumproject.loancalculator.BehaviorValidationTest@2f4948e4]" started-at="2026-01-30T01:42:25 CET" name="baseAfterMethod" finished-at="2026-01-30T01:42:25 CET" duration-ms="300" status="PASS">
          <reporter-output>
          </reporter-output>
        </test-method> <!-- baseAfterMethod -->
        <test-method is-config="true" signature="baseBeforeMethod(org.testng.ITestContext,org.testng.ITestResult)[pri:0, instance:hu.robertszujo.seleniumproject.loancalculator.BehaviorValidationTest@2f4948e4]" started-at="2026-01-30T01:42:25 CET" name="baseBeforeMethod" finished-at="2026-01-30T01:42:26 CET" duration-ms="769" status="PASS">
          <params>
            <param index="0">
              <value>
                <![CDATA[org.testng.TestRunner@7c9b78e3]]>
              </value>
            </param>
            <param index="1">
              <value>
                <![CDATA[[TestResult name={null} status=CREATED method=BehaviorValidationTest.behavior_maxLoanDecreasesWithOverdraftLimit(long,boolean,long,long,long)[pri:0, instance:hu.robertszujo.seleniumproject.loancalculator.BehaviorValidationTest@2f4948e4] output={null}]]]>
              </value>
            </param>
          </params>
          <reporter-output>
          </reporter-output>
        </test-method> <!-- baseBeforeMethod -->
        <test-method signature="behavior_maxLoanDecreasesWithOverdraftLimit(long,boolean,long,long,long)[pri:0, instance:hu.robertszujo.seleniumproject.loancalculator.BehaviorValidationTest@2f4948e4]" started-at="2026-01-30T01:42:26 CET" name="behavior_maxLoanDecreasesWithOverdraftLimit" description="Max loan decreases when overdraft limit increases (income fixed, property high)" data-provider="installmentsIncreaseScenarios" finished-at="2026-01-30T01:42:33 CET" duration-ms="6523" status="PASS">
          <params>
            <param index="0">
              <value>
                <![CDATA[80000000]]>
              </value>
            </param>
            <param index="1">
              <value>
                <![CDATA[true]]>
              </value>
            </param>
            <param index="2">
              <value>
                <![CDATA[20000]]>
              </value>
            </param>
            <param index="3">
              <value>
                <![CDATA[100000]]>
              </value>
            </param>
            <param index="4">
              <value>
                <![CDATA[800000]]>
              </value>
            </param>
          </params>
          <reporter-output>
          </reporter-output>
        </test-method> <!-- behavior_maxLoanDecreasesWithOverdraftLimit -->
        <test-method is-config="true" signature="baseAfterMethod()[pri:0, instance:hu.robertszujo.seleniumproject.loancalculator.BehaviorValidationTest@2f4948e4]" started-at="2026-01-30T01:42:33 CET" name="baseAfterMethod" finished-at="2026-01-30T01:42:33 CET" duration-ms="189" status="PASS">
          <reporter-output>
          </reporter-output>
        </test-method> <!-- baseAfterMethod -->
        <test-method is-config="true" signature="baseBeforeMethod(org.testng.ITestContext,org.testng.ITestResult)[pri:0, instance:hu.robertszujo.seleniumproject.loancalculator.BehaviorValidationTest@2f4948e4]" started-at="2026-01-30T01:42:33 CET" name="baseBeforeMethod" finished-at="2026-01-30T01:42:34 CET" duration-ms="700" status="PASS">
          <params>
            <param index="0">
              <value>
                <![CDATA[org.testng.TestRunner@7c9b78e3]]>
              </value>
            </param>
            <param index="1">
              <value>
                <![CDATA[[TestResult name={null} status=CREATED method=BehaviorValidationTest.behavior_maxLoanIncreasesWithHouseholdIncome(long,boolean,long,long,long)[pri:0, instance:hu.robertszujo.seleniumproject.loancalculator.BehaviorValidationTest@2f4948e4] output={null}]]]>
              </value>
            </param>
          </params>
          <reporter-output>
          </reporter-output>
        </test-method> <!-- baseBeforeMethod -->
        <test-method signature="behavior_maxLoanIncreasesWithHouseholdIncome(long,boolean,long,long,long)[pri:0, instance:hu.robertszujo.seleniumproject.loancalculator.BehaviorValidationTest@2f4948e4]" started-at="2026-01-30T01:42:34 CET" name="behavior_maxLoanIncreasesWithHouseholdIncome" description="Max loan increases when householdIncome increases (all other inputs fixed per scenario)" data-provider="householdIncomeIncreaseScenarios" finished-at="2026-01-30T01:42:40 CET" duration-ms="6642" status="PASS">
          <params>
            <param index="0">
              <value>
                <![CDATA[100000000]]>
              </value>
            </param>
            <param index="1">
              <value>
                <![CDATA[true]]>
              </value>
            </param>
            <param index="2">
              <value>
                <![CDATA[0]]>
              </value>
            </param>
            <param index="3">
              <value>
                <![CDATA[1000000]]>
              </value>
            </param>
            <param index="4">
              <value>
                <![CDATA[1100000]]>
              </value>
            </param>
          </params>
          <reporter-output>
          </reporter-output>
        </test-method> <!-- behavior_maxLoanIncreasesWithHouseholdIncome -->
        <test-method is-config="true" signature="baseAfterMethod()[pri:0, instance:hu.robertszujo.seleniumproject.loancalculator.BehaviorValidationTest@2f4948e4]" started-at="2026-01-30T01:42:41 CET" name="baseAfterMethod" finished-at="2026-01-30T01:42:41 CET" duration-ms="231" status="PASS">
          <reporter-output>
          </reporter-output>
        </test-method> <!-- baseAfterMethod -->
        <test-method is-config="true" signature="baseBeforeMethod(org.testng.ITestContext,org.testng.ITestResult)[pri:0, instance:hu.robertszujo.seleniumproject.loancalculator.BehaviorValidationTest@2f4948e4]" started-at="2026-01-30T01:42:41 CET" name="baseBeforeMethod" finished-at="2026-01-30T01:42:42 CET" duration-ms="840" status="PASS">
          <params>
            <param index="0">
              <value>
                <![CDATA[org.testng.TestRunner@7c9b78e3]]>
              </value>
            </param>
            <param index="1">
              <value>
                <![CDATA[[TestResult name={null} status=CREATED method=BehaviorValidationTest.behavior_maxLoanIncreasesWithHouseholdIncome(long,boolean,long,long,long)[pri:0, instance:hu.robertszujo.seleniumproject.loancalculator.BehaviorValidationTest@2f4948e4] output={null}]]]>
              </value>
            </param>
          </params>
          <reporter-output>
          </reporter-output>
        </test-method> <!-- baseBeforeMethod -->
        <test-method signature="behavior_maxLoanIncreasesWithHouseholdIncome(long,boolean,long,long,long)[pri:0, instance:hu.robertszujo.seleniumproject.loancalculator.BehaviorValidationTest@2f4948e4]" started-at="2026-01-30T01:42:42 CET" name="behavior_maxLoanIncreasesWithHouseholdIncome" description="Max loan increases when householdIncome increases (all other inputs fixed per scenario)" data-provider="householdIncomeIncreaseScenarios" finished-at="2026-01-30T01:42:48 CET" duration-ms="5604" status="PASS">
          <params>
            <param index="0">
              <value>
                <![CDATA[125000000]]>
              </value>
            </param>
            <param index="1">
              <value>
                <![CDATA[true]]>
              </value>
            </param>
            <param index="2">
              <value>
                <![CDATA[100000]]>
              </value>
            </param>
            <param index="3">
              <value>
                <![CDATA[1200000]]>
              </value>
            </param>
            <param index="4">
              <value>
                <![CDATA[1300000]]>
              </value>
            </param>
          </params>
          <reporter-output>
          </reporter-output>
        </test-method> <!-- behavior_maxLoanIncreasesWithHouseholdIncome -->
        <test-method is-config="true" signature="baseAfterMethod()[pri:0, instance:hu.robertszujo.seleniumproject.loancalculator.BehaviorValidationTest@2f4948e4]" started-at="2026-01-30T01:42:48 CET" name="baseAfterMethod" finished-at="2026-01-30T01:42:48 CET" duration-ms="184" status="PASS">
          <reporter-output>
          </reporter-output>
        </test-method> <!-- baseAfterMethod -->
        <test-method is-config="true" signature="baseBeforeMethod(org.testng.ITestContext,org.testng.ITestResult)[pri:0, instance:hu.robertszujo.seleniumproject.loancalculator.BehaviorValidationTest@2f4948e4]" started-at="2026-01-30T01:42:48 CET" name="baseBeforeMethod" finished-at="2026-01-30T01:42:48 CET" duration-ms="594" status="PASS">
          <params>
            <param index="0">
              <value>
                <![CDATA[org.testng.TestRunner@7c9b78e3]]>
              </value>
            </param>
            <param index="1">
              <value>
                <![CDATA[[TestResult name={null} status=CREATED method=BehaviorValidationTest.behavior_maxLoanIncreasesWithHouseholdIncome(long,boolean,long,long,long)[pri:0, instance:hu.robertszujo.seleniumproject.loancalculator.BehaviorValidationTest@2f4948e4] output={null}]]]>
              </value>
            </param>
          </params>
          <reporter-output>
          </reporter-output>
        </test-method> <!-- baseBeforeMethod -->
        <test-method signature="behavior_maxLoanIncreasesWithHouseholdIncome(long,boolean,long,long,long)[pri:0, instance:hu.robertszujo.seleniumproject.loancalculator.BehaviorValidationTest@2f4948e4]" started-at="2026-01-30T01:42:48 CET" name="behavior_maxLoanIncreasesWithHouseholdIncome" description="Max loan increases when householdIncome increases (all other inputs fixed per scenario)" data-provider="householdIncomeIncreaseScenarios" finished-at="2026-01-30T01:42:53 CET" duration-ms="4513" status="PASS">
          <params>
            <param index="0">
              <value>
                <![CDATA[155000000]]>
              </value>
            </param>
            <param index="1">
              <value>
                <![CDATA[true]]>
              </value>
            </param>
            <param index="2">
              <value>
                <![CDATA[20000]]>
              </value>
            </param>
            <param index="3">
              <value>
                <![CDATA[1500000]]>
              </value>
            </param>
            <param index="4">
              <value>
                <![CDATA[1550000]]>
              </value>
            </param>
          </params>
          <reporter-output>
          </reporter-output>
        </test-method> <!-- behavior_maxLoanIncreasesWithHouseholdIncome -->
        <test-method is-config="true" signature="baseAfterMethod()[pri:0, instance:hu.robertszujo.seleniumproject.loancalculator.BehaviorValidationTest@2f4948e4]" started-at="2026-01-30T01:42:53 CET" name="baseAfterMethod" finished-at="2026-01-30T01:42:53 CET" duration-ms="197" status="PASS">
          <reporter-output>
          </reporter-output>
        </test-method> <!-- baseAfterMethod -->
        <test-method is-config="true" signature="baseBeforeMethod(org.testng.ITestContext,org.testng.ITestResult)[pri:0, instance:hu.robertszujo.seleniumproject.loancalculator.BehaviorValidationTest@2f4948e4]" started-at="2026-01-30T01:42:53 CET" name="baseBeforeMethod" finished-at="2026-01-30T01:42:54 CET" duration-ms="673" status="PASS">
          <params>
            <param index="0">
              <value>
                <![CDATA[org.testng.TestRunner@7c9b78e3]]>
              </value>
            </param>
            <param index="1">
              <value>
                <![CDATA[[TestResult name={null} status=CREATED method=BehaviorValidationTest.behavior_maxLoanIncreasesWithPropertyValue(long,long,boolean,long,long)[pri:0, instance:hu.robertszujo.seleniumproject.loancalculator.BehaviorValidationTest@2f4948e4] output={null}]]]>
              </value>
            </param>
          </params>
          <reporter-output>
          </reporter-output>
        </test-method> <!-- baseBeforeMethod -->
        <test-method signature="behavior_maxLoanIncreasesWithPropertyValue(long,long,boolean,long,long)[pri:0, instance:hu.robertszujo.seleniumproject.loancalculator.BehaviorValidationTest@2f4948e4]" started-at="2026-01-30T01:42:54 CET" name="behavior_maxLoanIncreasesWithPropertyValue" description="Max loan increases when propertyValue increases (all other inputs fixed per scenario)" data-provider="propertyValueIncreaseScenarios" finished-at="2026-01-30T01:42:58 CET" duration-ms="3627" status="PASS">
          <params>
            <param index="0">
              <value>
                <![CDATA[30000000]]>
              </value>
            </param>
            <param index="1">
              <value>
                <![CDATA[40000000]]>
              </value>
            </param>
            <param index="2">
              <value>
                <![CDATA[false]]>
              </value>
            </param>
            <param index="3">
              <value>
                <![CDATA[0]]>
              </value>
            </param>
            <param index="4">
              <value>
                <![CDATA[3000000]]>
              </value>
            </param>
          </params>
          <reporter-output>
          </reporter-output>
        </test-method> <!-- behavior_maxLoanIncreasesWithPropertyValue -->
        <test-method is-config="true" signature="baseAfterMethod()[pri:0, instance:hu.robertszujo.seleniumproject.loancalculator.BehaviorValidationTest@2f4948e4]" started-at="2026-01-30T01:42:58 CET" name="baseAfterMethod" finished-at="2026-01-30T01:42:58 CET" duration-ms="194" status="PASS">
          <reporter-output>
          </reporter-output>
        </test-method> <!-- baseAfterMethod -->
        <test-method is-config="true" signature="baseBeforeMethod(org.testng.ITestContext,org.testng.ITestResult)[pri:0, instance:hu.robertszujo.seleniumproject.loancalculator.BehaviorValidationTest@2f4948e4]" started-at="2026-01-30T01:42:58 CET" name="baseBeforeMethod" finished-at="2026-01-30T01:42:58 CET" duration-ms="648" status="PASS">
          <params>
            <param index="0">
              <value>
                <![CDATA[org.testng.TestRunner@7c9b78e3]]>
              </value>
            </param>
            <param index="1">
              <value>
                <![CDATA[[TestResult name={null} status=CREATED method=BehaviorValidationTest.behavior_maxLoanIncreasesWithPropertyValue(long,long,boolean,long,long)[pri:0, instance:hu.robertszujo.seleniumproject.loancalculator.BehaviorValidationTest@2f4948e4] output={null}]]]>
              </value>
            </param>
          </params>
          <reporter-output>
          </reporter-output>
        </test-method> <!-- baseBeforeMethod -->
        <test-method signature="behavior_maxLoanIncreasesWithPropertyValue(long,long,boolean,long,long)[pri:0, instance:hu.robertszujo.seleniumproject.loancalculator.BehaviorValidationTest@2f4948e4]" started-at="2026-01-30T01:42:58 CET" name="behavior_maxLoanIncreasesWithPropertyValue" description="Max loan increases when propertyValue increases (all other inputs fixed per scenario)" data-provider="propertyValueIncreaseScenarios" finished-at="2026-01-30T01:43:02 CET" duration-ms="3788" status="PASS">
          <params>
            <param index="0">
              <value>
                <![CDATA[20000000]]>
              </value>
            </param>
            <param index="1">
              <value>
                <![CDATA[25000000]]>
              </value>
            </param>
            <param index="2">
              <value>
                <![CDATA[true]]>
              </value>
            </param>
            <param index="3">
              <value>
                <![CDATA[100000]]>
              </value>
            </param>
            <param index="4">
              <value>
                <![CDATA[950000]]>
              </value>
            </param>
          </params>
          <reporter-output>
          </reporter-output>
        </test-method> <!-- behavior_maxLoanIncreasesWithPropertyValue -->
        <test-method is-config="true" signature="baseAfterMethod()[pri:0, instance:hu.robertszujo.seleniumproject.loancalculator.BehaviorValidationTest@2f4948e4]" started-at="2026-01-30T01:43:02 CET" name="baseAfterMethod" finished-at="2026-01-30T01:43:03 CET" duration-ms="206" status="PASS">
          <reporter-output>
          </reporter-output>
        </test-method> <!-- baseAfterMethod -->
        <test-method is-config="true" signature="baseBeforeMethod(org.testng.ITestContext,org.testng.ITestResult)[pri:0, instance:hu.robertszujo.seleniumproject.loancalculator.BehaviorValidationTest@2f4948e4]" started-at="2026-01-30T01:43:03 CET" name="baseBeforeMethod" finished-at="2026-01-30T01:43:03 CET" duration-ms="631" status="PASS">
          <params>
            <param index="0">
              <value>
                <![CDATA[org.testng.TestRunner@7c9b78e3]]>
              </value>
            </param>
            <param index="1">
              <value>
                <![CDATA[[TestResult name={null} status=CREATED method=BehaviorValidationTest.behavior_maxLoanIncreasesWithPropertyValue(long,long,boolean,long,long)[pri:0, instance:hu.robertszujo.seleniumproject.loancalculator.BehaviorValidationTest@2f4948e4] output={null}]]]>
              </value>
            </param>
          </params>
          <reporter-output>
          </reporter-output>
        </test-method> <!-- baseBeforeMethod -->
        <test-method signature="behavior_maxLoanIncreasesWithPropertyValue(long,long,boolean,long,long)[pri:0, instance:hu.robertszujo.seleniumproject.loancalculator.BehaviorValidationTest@2f4948e4]" started-at="2026-01-30T01:43:03 CET" name="behavior_maxLoanIncreasesWithPropertyValue" description="Max loan increases when propertyValue increases (all other inputs fixed per scenario)" data-provider="propertyValueIncreaseScenarios" finished-at="2026-01-30T01:43:07 CET" duration-ms="3744" status="PASS">
          <params>
            <param index="0">
              <value>
                <![CDATA[30000000]]>
              </value>
            </param>
            <param index="1">
              <value>
                <![CDATA[35000000]]>
              </value>
            </param>
            <param index="2">
              <value>
                <![CDATA[true]]>
              </value>
            </param>
            <param index="3">
              <value>
                <![CDATA[20000]]>
              </value>
            </param>
            <param index="4">
              <value>
                <![CDATA[1000000]]>
              </value>
            </param>
          </params>
          <reporter-output>
          </reporter-output>
        </test-method> <!-- behavior_maxLoanIncreasesWithPropertyValue -->
        <test-method is-config="true" signature="baseAfterMethod()[pri:0, instance:hu.robertszujo.seleniumproject.loancalculator.BehaviorValidationTest@2f4948e4]" started-at="2026-01-30T01:43:07 CET" name="baseAfterMethod" finished-at="2026-01-30T01:43:07 CET" duration-ms="189" status="PASS">
          <reporter-output>
          </reporter-output>
        </test-method> <!-- baseAfterMethod -->
        <test-method is-config="true" signature="baseBeforeMethod(org.testng.ITestContext,org.testng.ITestResult)[pri:0, instance:hu.robertszujo.seleniumproject.loancalculator.BehaviorValidationTest@2f4948e4]" started-at="2026-01-30T01:43:07 CET" name="baseBeforeMethod" finished-at="2026-01-30T01:43:08 CET" duration-ms="599" status="PASS">
          <params>
            <param index="0">
              <value>
                <![CDATA[org.testng.TestRunner@7c9b78e3]]>
              </value>
            </param>
            <param index="1">
              <value>
                <![CDATA[[TestResult name={null} status=CREATED method=BehaviorValidationTest.behavior_thmDecreasesWithInsurance()[pri:0, instance:hu.robertszujo.seleniumproject.loancalculator.BehaviorValidationTest@2f4948e4] output={null}]]]>
              </value>
            </param>
          </params>
          <reporter-output>
          </reporter-output>
        </test-method> <!-- baseBeforeMethod -->
        <test-method signature="behavior_thmDecreasesWithInsurance()[pri:0, instance:hu.robertszujo.seleniumproject.loancalculator.BehaviorValidationTest@2f4948e4]" started-at="2026-01-30T01:43:08 CET" name="behavior_thmDecreasesWithInsurance" description="THM decreases when repayment protection insurance is selected" finished-at="2026-01-30T01:43:12 CET" duration-ms="3833" status="PASS">
          <reporter-output>
          </reporter-output>
        </test-method> <!-- behavior_thmDecreasesWithInsurance -->
        <test-method is-config="true" signature="baseAfterMethod()[pri:0, instance:hu.robertszujo.seleniumproject.loancalculator.BehaviorValidationTest@2f4948e4]" started-at="2026-01-30T01:43:12 CET" name="baseAfterMethod" finished-at="2026-01-30T01:43:12 CET" duration-ms="176" status="PASS">
          <reporter-output>
          </reporter-output>
        </test-method> <!-- baseAfterMethod -->
      </class> <!-- hu.robertszujo.seleniumproject.loancalculator.BehaviorValidationTest -->
      <class name="hu.robertszujo.seleniumproject.BaseTestClass">
        <test-method is-config="true" signature="baseBeforeSuite()[pri:0, instance:hu.robertszujo.seleniumproject.BaseTestClass@1165b38]" started-at="2026-01-30T01:42:07 CET" name="baseBeforeSuite" finished-at="2026-01-30T01:42:08 CET" duration-ms="459" status="PASS">
          <reporter-output>
          </reporter-output>
        </test-method> <!-- baseBeforeSuite -->
        <test-method is-config="true" signature="baseAfterSuite()[pri:0, instance:hu.robertszujo.seleniumproject.BaseTestClass@1165b38]" started-at="2026-01-30T01:43:12 CET" name="baseAfterSuite" finished-at="2026-01-30T01:43:12 CET" duration-ms="318" status="PASS">
          <reporter-output>
          </reporter-output>
        </test-method> <!-- baseAfterSuite -->
      </class> <!-- hu.robertszujo.seleniumproject.BaseTestClass -->
      <class name="hu.robertszujo.seleniumproject.loancalculator.BoundaryPositiveTest">
        <test-method is-config="true" signature="baseBeforeMethod(org.testng.ITestContext,org.testng.ITestResult)[pri:0, instance:hu.robertszujo.seleniumproject.loancalculator.BoundaryPositiveTest@1f2586d6]" started-at="2026-01-30T01:42:08 CET" name="baseBeforeMethod" finished-at="2026-01-30T01:42:09 CET" duration-ms="1417" status="PASS">
          <params>
            <param index="0">
              <value>
                <![CDATA[org.testng.TestRunner@7c9b78e3]]>
              </value>
            </param>
            <param index="1">
              <value>
                <![CDATA[[TestResult name={null} status=CREATED method=BoundaryPositiveTest.success_applicantExactly18YearsOld()[pri:0, instance:hu.robertszujo.seleniumproject.loancalculator.BoundaryPositiveTest@1f2586d6] output={null}]]]>
              </value>
            </param>
          </params>
          <reporter-output>
          </reporter-output>
        </test-method> <!-- baseBeforeMethod -->
        <test-method signature="success_applicantExactly18YearsOld()[pri:0, instance:hu.robertszujo.seleniumproject.loancalculator.BoundaryPositiveTest@1f2586d6]" started-at="2026-01-30T01:42:09 CET" name="success_applicantExactly18YearsOld" description="Boundary positive: applicant exactly 18 years old (minimum age)" finished-at="2026-01-30T01:42:13 CET" duration-ms="3995" status="PASS">
          <reporter-output>
          </reporter-output>
        </test-method> <!-- success_applicantExactly18YearsOld -->
        <test-method is-config="true" signature="baseAfterMethod()[pri:0, instance:hu.robertszujo.seleniumproject.loancalculator.BoundaryPositiveTest@1f2586d6]" started-at="2026-01-30T01:42:14 CET" name="baseAfterMethod" finished-at="2026-01-30T01:42:14 CET" duration-ms="203" status="PASS">
          <reporter-output>
          </reporter-output>
        </test-method> <!-- baseAfterMethod -->
        <test-method is-config="true" signature="baseBeforeMethod(org.testng.ITestContext,org.testng.ITestResult)[pri:0, instance:hu.robertszujo.seleniumproject.loancalculator.BoundaryPositiveTest@1f2586d6]" started-at="2026-01-30T01:42:14 CET" name="baseBeforeMethod" finished-at="2026-01-30T01:42:15 CET" duration-ms="740" status="PASS">
          <params>
            <param index="0">
              <value>
                <![CDATA[org.testng.TestRunner@7c9b78e3]]>
              </value>
            </param>
            <param index="1">
              <value>
                <![CDATA[[TestResult name={null} status=CREATED method=BoundaryPositiveTest.success_applicantExactly65YearsOld()[pri:0, instance:hu.robertszujo.seleniumproject.loancalculator.BoundaryPositiveTest@1f2586d6] output={null}]]]>
              </value>
            </param>
          </params>
          <reporter-output>
          </reporter-output>
        </test-method> <!-- baseBeforeMethod -->
        <test-method signature="success_applicantExactly65YearsOld()[pri:0, instance:hu.robertszujo.seleniumproject.loancalculator.BoundaryPositiveTest@1f2586d6]" started-at="2026-01-30T01:42:15 CET" name="success_applicantExactly65YearsOld" description="Boundary positive: applicant exactly 65 years old (maximum age)" finished-at="2026-01-30T01:42:19 CET" duration-ms="4365" status="PASS">
          <reporter-output>
          </reporter-output>
        </test-method> <!-- success_applicantExactly65YearsOld -->
        <test-method is-config="true" signature="baseAfterMethod()[pri:0, instance:hu.robertszujo.seleniumproject.loancalculator.BoundaryPositiveTest@1f2586d6]" started-at="2026-01-30T01:42:20 CET" name="baseAfterMethod" finished-at="2026-01-30T01:42:20 CET" duration-ms="206" status="PASS">
          <reporter-output>
          </reporter-output>
        </test-method> <!-- baseAfterMethod -->
        <test-method is-config="true" signature="baseBeforeMethod(org.testng.ITestContext,org.testng.ITestResult)[pri:0, instance:hu.robertszujo.seleniumproject.loancalculator.BoundaryPositiveTest@1f2586d6]" started-at="2026-01-30T01:42:20 CET" name="baseBeforeMethod" finished-at="2026-01-30T01:42:21 CET" duration-ms="820" status="PASS">
          <params>
            <param index="0">
              <value>
                <![CDATA[org.testng.TestRunner@7c9b78e3]]>
              </value>
            </param>
            <param index="1">
              <value>
                <![CDATA[[TestResult name={null} status=CREATED method=BoundaryPositiveTest.success_dualEarnerIncomeExactlyAtMinimum()[pri:0, instance:hu.robertszujo.seleniumproject.loancalculator.BoundaryPositiveTest@1f2586d6] output={null}]]]>
              </value>
            </param>
          </params>
          <reporter-output>
          </reporter-output>
        </test-method> <!-- baseBeforeMethod -->
        <test-method signature="success_dualEarnerIncomeExactlyAtMinimum()[pri:0, instance:hu.robertszujo.seleniumproject.loancalculator.BoundaryPositiveTest@1f2586d6]" started-at="2026-01-30T01:42:21 CET" name="success_dualEarnerIncomeExactlyAtMinimum" description="Boundary positive: dual earner income exactly 290,000 Ft (minimum)" finished-at="2026-01-30T01:42:28 CET" duration-ms="6929" status="PASS">
          <reporter-output>
          </reporter-output>
        </test-method> <!-- success_dualEarnerIncomeExactlyAtMinimum -->
        <test-method is-config="true" signature="baseAfterMethod()[pri:0, instance:hu.robertszujo.seleniumproject.loancalculator.BoundaryPositiveTest@1f2586d6]" started-at="2026-01-30T01:42:28 CET" name="baseAfterMethod" finished-at="2026-01-30T01:42:28 CET" duration-ms="208" status="PASS">
          <reporter-output>
          </reporter-output>
        </test-method> <!-- baseAfterMethod -->
        <test-method is-config="true" signature="baseBeforeMethod(org.testng.ITestContext,org.testng.ITestResult)[pri:0, instance:hu.robertszujo.seleniumproject.loancalculator.BoundaryPositiveTest@1f2586d6]" started-at="2026-01-30T01:42:28 CET" name="baseBeforeMethod" finished-at="2026-01-30T01:42:29 CET" duration-ms="692" status="PASS">
          <params>
            <param index="0">
              <value>
                <![CDATA[org.testng.TestRunner@7c9b78e3]]>
              </value>
            </param>
            <param index="1">
              <value>
                <![CDATA[[TestResult name={null} status=CREATED method=BoundaryPositiveTest.success_jtmExactlyAt50PercentLimit()[pri:0, instance:hu.robertszujo.seleniumproject.loancalculator.BoundaryPositiveTest@1f2586d6] output={null}]]]>
              </value>
            </param>
          </params>
          <reporter-output>
          </reporter-output>
        </test-method> <!-- baseBeforeMethod -->
        <test-method signature="success_jtmExactlyAt50PercentLimit()[pri:0, instance:hu.robertszujo.seleniumproject.loancalculator.BoundaryPositiveTest@1f2586d6]" started-at="2026-01-30T01:42:29 CET" name="success_jtmExactlyAt50PercentLimit" description="Boundary positive: existing installments exactly at 50% of income (under 800k overdraft)" finished-at="2026-01-30T01:42:33 CET" duration-ms="3792" status="PASS">
          <reporter-output>
          </reporter-output>
        </test-method> <!-- success_jtmExactlyAt50PercentLimit -->
        <test-method is-config="true" signature="baseAfterMethod()[pri:0, instance:hu.robertszujo.seleniumproject.loancalculator.BoundaryPositiveTest@1f2586d6]" started-at="2026-01-30T01:42:33 CET" name="baseAfterMethod" finished-at="2026-01-30T01:42:33 CET" duration-ms="194" status="PASS">
          <reporter-output>
          </reporter-output>
        </test-method> <!-- baseAfterMethod -->
        <test-method is-config="true" signature="baseBeforeMethod(org.testng.ITestContext,org.testng.ITestResult)[pri:0, instance:hu.robertszujo.seleniumproject.loancalculator.BoundaryPositiveTest@1f2586d6]" started-at="2026-01-30T01:42:33 CET" name="baseBeforeMethod" finished-at="2026-01-30T01:42:34 CET" duration-ms="800" status="PASS">
          <params>
            <param index="0">
              <value>
                <![CDATA[org.testng.TestRunner@7c9b78e3]]>
              </value>
            </param>
            <param index="1">
              <value>
                <![CDATA[[TestResult name={null} status=CREATED method=BoundaryPositiveTest.success_jtmExactlyAt60PercentLimit()[pri:0, instance:hu.robertszujo.seleniumproject.loancalculator.BoundaryPositiveTest@1f2586d6] output={null}]]]>
              </value>
            </param>
          </params>
          <reporter-output>
          </reporter-output>
        </test-method> <!-- baseBeforeMethod -->
        <test-method signature="success_jtmExactlyAt60PercentLimit()[pri:0, instance:hu.robertszujo.seleniumproject.loancalculator.BoundaryPositiveTest@1f2586d6]" started-at="2026-01-30T01:42:34 CET" name="success_jtmExactlyAt60PercentLimit" description="Boundary positive: existing installments exactly at 60% of income (at/over 800k overdraft)" finished-at="2026-01-30T01:42:38 CET" duration-ms="4186" status="PASS">
          <reporter-output>
          </reporter-output>
        </test-method> <!-- success_jtmExactlyAt60PercentLimit -->
        <test-method is-config="true" signature="baseAfterMethod()[pri:0, instance:hu.robertszujo.seleniumproject.loancalculator.BoundaryPositiveTest@1f2586d6]" started-at="2026-01-30T01:42:39 CET" name="baseAfterMethod" finished-at="2026-01-30T01:42:39 CET" duration-ms="281" status="PASS">
          <reporter-output>
          </reporter-output>
        </test-method> <!-- baseAfterMethod -->
        <test-method is-config="true" signature="baseBeforeMethod(org.testng.ITestContext,org.testng.ITestResult)[pri:0, instance:hu.robertszujo.seleniumproject.loancalculator.BoundaryPositiveTest@1f2586d6]" started-at="2026-01-30T01:42:39 CET" name="baseBeforeMethod" finished-at="2026-01-30T01:42:40 CET" duration-ms="674" status="PASS">
          <params>
            <param index="0">
              <value>
                <![CDATA[org.testng.TestRunner@7c9b78e3]]>
              </value>
            </param>
            <param index="1">
              <value>
                <![CDATA[[TestResult name={null} status=CREATED method=BoundaryPositiveTest.success_overdraftLimitExactlyAt800kThreshold()[pri:0, instance:hu.robertszujo.seleniumproject.loancalculator.BoundaryPositiveTest@1f2586d6] output={null}]]]>
              </value>
            </param>
          </params>
          <reporter-output>
          </reporter-output>
        </test-method> <!-- baseBeforeMethod -->
        <test-method signature="success_overdraftLimitExactlyAt800kThreshold()[pri:0, instance:hu.robertszujo.seleniumproject.loancalculator.BoundaryPositiveTest@1f2586d6]" started-at="2026-01-30T01:42:40 CET" name="success_overdraftLimitExactlyAt800kThreshold" description="Boundary positive: overdraft limit exactly at 800,000 Ft threshold" finished-at="2026-01-30T01:42:44 CET" duration-ms="4416" status="PASS">
          <reporter-output>
          </reporter-output>
        </test-method> <!-- success_overdraftLimitExactlyAt800kThreshold -->
        <test-method is-config="true" signature="baseAfterMethod()[pri:0, instance:hu.robertszujo.seleniumproject.loancalculator.BoundaryPositiveTest@1f2586d6]" started-at="2026-01-30T01:42:44 CET" name="baseAfterMethod" finished-at="2026-01-30T01:42:44 CET" duration-ms="220" status="PASS">
          <reporter-output>
          </reporter-output>
        </test-method> <!-- baseAfterMethod -->
        <test-method is-config="true" signature="baseBeforeMethod(org.testng.ITestContext,org.testng.ITestResult)[pri:0, instance:hu.robertszujo.seleniumproject.loancalculator.BoundaryPositiveTest@1f2586d6]" started-at="2026-01-30T01:42:44 CET" name="baseBeforeMethod" finished-at="2026-01-30T01:42:45 CET" duration-ms="683" status="PASS">
          <params>
            <param index="0">
              <value>
                <![CDATA[org.testng.TestRunner@7c9b78e3]]>
              </value>
            </param>
            <param index="1">
              <value>
                <![CDATA[[TestResult name={null} status=CREATED method=BoundaryPositiveTest.success_propertyValueExactlyAtMinimum()[pri:0, instance:hu.robertszujo.seleniumproject.loancalculator.BoundaryPositiveTest@1f2586d6] output={null}]]]>
              </value>
            </param>
          </params>
          <reporter-output>
          </reporter-output>
        </test-method> <!-- baseBeforeMethod -->
        <test-method signature="success_propertyValueExactlyAtMinimum()[pri:0, instance:hu.robertszujo.seleniumproject.loancalculator.BoundaryPositiveTest@1f2586d6]" started-at="2026-01-30T01:42:45 CET" name="success_propertyValueExactlyAtMinimum" description="Boundary positive: property value exactly 5,000,000 Ft (minimum)" finished-at="2026-01-30T01:42:48 CET" duration-ms="2911" status="PASS">
          <reporter-output>
          </reporter-output>
        </test-method> <!-- success_propertyValueExactlyAtMinimum -->
        <test-method is-config="true" signature="baseAfterMethod()[pri:0, instance:hu.robertszujo.seleniumproject.loancalculator.BoundaryPositiveTest@1f2586d6]" started-at="2026-01-30T01:42:48 CET" name="baseAfterMethod" finished-at="2026-01-30T01:42:48 CET" duration-ms="209" status="PASS">
          <reporter-output>
          </reporter-output>
        </test-method> <!-- baseAfterMethod -->
        <test-method is-config="true" signature="baseBeforeMethod(org.testng.ITestContext,org.testng.ITestResult)[pri:0, instance:hu.robertszujo.seleniumproject.loancalculator.BoundaryPositiveTest@1f2586d6]" started-at="2026-01-30T01:42:48 CET" name="baseBeforeMethod" finished-at="2026-01-30T01:42:49 CET" duration-ms="680" status="PASS">
          <params>
            <param index="0">
              <value>
                <![CDATA[org.testng.TestRunner@7c9b78e3]]>
              </value>
            </param>
            <param index="1">
              <value>
                <![CDATA[[TestResult name={null} status=CREATED method=BoundaryPositiveTest.success_singleEarnerIncomeExactlyAtMinimum()[pri:0, instance:hu.robertszujo.seleniumproject.loancalculator.BoundaryPositiveTest@1f2586d6] output={null}]]]>
              </value>
            </param>
          </params>
          <reporter-output>
          </reporter-output>
        </test-method> <!-- baseBeforeMethod -->
        <test-method signature="success_singleEarnerIncomeExactlyAtMinimum()[pri:0, instance:hu.robertszujo.seleniumproject.loancalculator.BoundaryPositiveTest@1f2586d6]" started-at="2026-01-30T01:42:49 CET" name="success_singleEarnerIncomeExactlyAtMinimum" description="Boundary positive: single earner income exactly 193,000 Ft (minimum)" finished-at="2026-01-30T01:42:52 CET" duration-ms="2649" status="PASS">
          <reporter-output>
          </reporter-output>
        </test-method> <!-- success_singleEarnerIncomeExactlyAtMinimum -->
        <test-method is-config="true" signature="baseAfterMethod()[pri:0, instance:hu.robertszujo.seleniumproject.loancalculator.BoundaryPositiveTest@1f2586d6]" started-at="2026-01-30T01:42:52 CET" name="baseAfterMethod" finished-at="2026-01-30T01:42:52 CET" duration-ms="173" status="PASS">
          <reporter-output>
          </reporter-output>
        </test-method> <!-- baseAfterMethod -->
      </class> <!-- hu.robertszujo.seleniumproject.loancalculator.BoundaryPositiveTest -->
    </test> <!-- Suite with listener -->
  </suite> <!-- George Regression -->
</testng-results>
