<?xml version="1.0" encoding="UTF-8"?>
<!-- Generated by org.testng.reporters.JUnitReportReporter -->
<testsuite hostname="DESKTOP-B3E1RBI" failures="0" tests="8" name="hu.robertszujo.seleniumproject.LoanCalculatorTests" time="20.036" errors="0" timestamp="2026-01-26T10:25:26 CET" skipped="0">
  <testcase classname="hu.robertszujo.seleniumproject.LoanCalculatorTests" name="loadCalculatorPage_cookiePopupShouldBeDisplayed" time="1.559"/>
  <testcase classname="hu.robertszujo.seleniumproject.LoanCalculatorTests" name="calculateMaximumLoan_overSixtyFiveApplicantShouldSeeUnableToCalculateNotice" time="2.868"/>
  <testcase classname="hu.robertszujo.seleniumproject.LoanCalculatorTests" name="calculateMaximumLoan_underageApplicantShouldSeeAgeRestrictionError" time="2.830"/>
  <testcase classname="hu.robertszujo.seleniumproject.LoanCalculatorTests" name="loadPageAndAcceptCookies_CalculatorFormShouldBeDisplayed" time="1.912"/>
  <testcase classname="hu.robertszujo.seleniumproject.LoanCalculatorTests" name="calculateMaximumLoan_debtRatioAboveLimitShouldShowObligationError" time="2.972"/>
  <testcase classname="hu.robertszujo.seleniumproject.LoanCalculatorTests" name="acceptCookies_CookiePopupShouldDisappear" time="2.072"/>
  <testcase classname="hu.robertszujo.seleniumproject.LoanCalculatorTests" name="calculateMaximumLoan_incomeAtThresholdWithValidDebtRatioShouldReturnOffers" time="2.987"/>
  <testcase classname="hu.robertszujo.seleniumproject.LoanCalculatorTests" name="calculateMaximumLoan_propertyValueBelowThresholdShouldShowCollateralError" time="2.836"/>
</testsuite> <!-- hu.robertszujo.seleniumproject.LoanCalculatorTests -->
